21:09:44 **** Incremental Build of configuration Debug for project 043_FreeRTOS_Run_Time_Statistic ****
make -j4 all 
arm-none-eabi-gcc "../Middlewares/Third_Party/FreeRTOS/Source/tasks.c" -mcpu=cortex-m4 -std=gnu11 -g3 -DDEBUG -DUSE_HAL_DRIVER -DSTM32F407xx -c -I../Core/Inc -I../Drivers/STM32F4xx_HAL_Driver/Inc -I../Drivers/STM32F4xx_HAL_Driver/Inc/Legacy -I../Middlewares/Third_Party/FreeRTOS/Source/include -I../Middlewares/Third_Party/FreeRTOS/Source/CMSIS_RTOS_V2 -I../Middlewares/Third_Party/FreeRTOS/Source/portable/GCC/ARM_CM4F -I../Drivers/CMSIS/Device/ST/STM32F4xx/Include -I../Drivers/CMSIS/Include -O0 -ffunction-sections -fdata-sections -Wall -fstack-usage -fcyclomatic-complexity -MMD -MP -MF"Middlewares/Third_Party/FreeRTOS/Source/tasks.d" -MT"Middlewares/Third_Party/FreeRTOS/Source/tasks.o" --specs=nano.specs -mfpu=fpv4-sp-d16 -mfloat-abi=hard -mthumb -o "Middlewares/Third_Party/FreeRTOS/Source/tasks.o"
arm-none-eabi-gcc -o "043_FreeRTOS_Run_Time_Statistic.elf" @"objects.list"   -mcpu=cortex-m4 -T"C:\Users\mehmet.sahin\Desktop\BOOKS\Embedded_Systems\FreeRTOS\Mastering_the_FreeRTOS_Real_Time_Kernel\ST_Workspace\043_FreeRTOS_Run_Time_Statistic\STM32F407VGTX_FLASH.ld" --specs=nosys.specs -Wl,-Map="043_FreeRTOS_Run_Time_Statistic.map" -Wl,--gc-sections -static --specs=nano.specs -mfpu=fpv4-sp-d16 -mfloat-abi=hard -mthumb -Wl,--start-group -lc -lm -Wl,--end-group
c:\st\stm32cubeide_1.12.0\stm32cubeide\plugins\com.st.stm32cube.ide.mcu.externaltools.gnu-tools-for-stm32.10.3-2021.10.win32_1.0.200.202301161003\tools\arm-none-eabi\bin\ld.exe: ./Middlewares/Third_Party/FreeRTOS/Source/tasks.o: in function `vTaskSwitchContext':
C:/Users/mehmet.sahin/Desktop/BOOKS/Embedded_Systems/FreeRTOS/Mastering_the_FreeRTOS_Real_Time_Kernel/ST_Workspace/043_FreeRTOS_Run_Time_Statistic/Debug/../Middlewares/Third_Party/FreeRTOS/Source/tasks.c:3061: undefined reference to `ulOverflowCount'
collect2.exe: error: ld returned 1 exit status
make: *** [makefile:68: 043_FreeRTOS_Run_Time_Statistic.elf] Error 1
"make -j4 all" terminated with exit code 2. Build might be incomplete.

21:09:45 Build Failed. 3 errors, 0 warnings. (took 1s.624ms)

